<?xml version="1.0" encoding="UTF-8"?>
<testsuite xmlns:xsi="http://www.w3.org/2001/XMLSchema-instance" xsi:noNamespaceSchemaLocation="https://maven.apache.org/surefire/maven-surefire-plugin/xsd/surefire-test-report-3.0.xsd" version="3.0" name="com.amazonclone.Amazon_Backend.AmazonBackendApplicationTests" time="30.912" tests="1" errors="0" skipped="0" failures="0">
  <properties>
[...]
</properties>
  <testcase name="contextLoads" classname="com.amazonclone.Amazon_Backend.AmazonBackendApplicationTests" time="0.544">
    <system-out><![CDATA[16:21:54.494 [main] INFO org.springframework.test.context.support.AnnotationConfigContextLoaderUtils -- Could not detect default configuration classes for test class [com.amazonclone.Amazon_Backend.AmazonBackendApplicationTests]: AmazonBackendApplicationTests does not declare any static, non-private, non-final, nested classes annotated with @Configuration.
16:21:54.634 [main] INFO org.springframework.boot.test.context.SpringBootTestContextBootstrapper -- Found @SpringBootConfiguration com.amazonclone.Amazon_Backend.AmazonBackendApplication for test class com.amazonclone.Amazon_Backend.AmazonBackendApplicationTests

  .   ____          _            __ _ _
 /\\ / ___'_ __ _ _(_)_ __  __ _ \ \ \ \
( ( )\___ | '_ | '_| | '_ \/ _` | \ \ \ \
 \\/  ___)| |_)| | | | | || (_| |  ) ) ) )
  '  |____| .__|_| |_|_| |_\__, | / / / /
 =========|_|==============|___/=/_/_/_/
 :: Spring Boot ::                (v3.1.3)

2023-09-14T16:21:55.262+05:30  INFO 14428 --- [           main] c.a.A.AmazonBackendApplicationTests      : Starting AmazonBackendApplicationTests using Java 19.0.2 with PID 14428 (started by vivek in C:\Users\vivek\OneDrive\Desktop\Amazon-Backend\Amazon-Backend)
2023-09-14T16:21:55.264+05:30  INFO 14428 --- [           main] c.a.A.AmazonBackendApplicationTests      : The following 1 profile is active: "prod"
2023-09-14T16:21:56.452+05:30  INFO 14428 --- [           main] .s.d.r.c.RepositoryConfigurationDelegate : Bootstrapping Spring Data JPA repositories in DEFAULT mode.
2023-09-14T16:21:56.564+05:30  INFO 14428 --- [           main] .s.d.r.c.RepositoryConfigurationDelegate : Finished Spring Data repository scanning in 102 ms. Found 10 JPA repository interfaces.
2023-09-14T16:21:57.425+05:30  INFO 14428 --- [           main] o.hibernate.jpa.internal.util.LogHelper  : HHH000204: Processing PersistenceUnitInfo [name: default]
2023-09-14T16:21:57.517+05:30  INFO 14428 --- [           main] org.hibernate.Version                    : HHH000412: Hibernate ORM core version 6.2.7.Final
2023-09-14T16:21:57.519+05:30  INFO 14428 --- [           main] org.hibernate.cfg.Environment            : HHH000406: Using bytecode reflection optimizer
2023-09-14T16:21:57.800+05:30  INFO 14428 --- [           main] o.h.b.i.BytecodeProviderInitiator        : HHH000021: Bytecode provider name : bytebuddy
2023-09-14T16:21:57.994+05:30  INFO 14428 --- [           main] o.s.o.j.p.SpringPersistenceUnitInfo      : No LoadTimeWeaver setup: ignoring JPA class transformer
2023-09-14T16:21:58.021+05:30  INFO 14428 --- [           main] com.zaxxer.hikari.HikariDataSource       : HikariPool-1 - Starting...
2023-09-14T16:22:01.774+05:30  INFO 14428 --- [           main] com.zaxxer.hikari.pool.HikariPool        : HikariPool-1 - Added connection com.mysql.cj.jdbc.ConnectionImpl@2ffb0d10
2023-09-14T16:22:01.776+05:30  INFO 14428 --- [           main] com.zaxxer.hikari.HikariDataSource       : HikariPool-1 - Start completed.
2023-09-14T16:22:02.763+05:30  INFO 14428 --- [           main] o.h.b.i.BytecodeProviderInitiator        : HHH000021: Bytecode provider name : bytebuddy
2023-09-14T16:22:03.909+05:30  INFO 14428 --- [           main] o.h.e.t.j.p.i.JtaPlatformInitiator       : HHH000490: Using JtaPlatform implementation: [org.hibernate.engine.transaction.jta.platform.internal.NoJtaPlatform]
2023-09-14T16:22:17.946+05:30  INFO 14428 --- [           main] j.LocalContainerEntityManagerFactoryBean : Initialized JPA EntityManagerFactory for persistence unit 'default'
2023-09-14T16:22:18.523+05:30  INFO 14428 --- [           main] o.s.d.j.r.query.QueryEnhancerFactory     : Hibernate is in classpath; If applicable, HQL parser will be used.
2023-09-14T16:22:19.686+05:30  WARN 14428 --- [           main] JpaBaseConfiguration$JpaWebConfiguration : spring.jpa.open-in-view is enabled by default. Therefore, database queries may be performed during view rendering. Explicitly configure spring.jpa.open-in-view to disable this warning
2023-09-14T16:22:19.851+05:30  INFO 14428 --- [           main] o.s.s.web.DefaultSecurityFilterChain     : Will secure any request with [org.springframework.security.web.session.DisableEncodeUrlFilter@33a1bb90, org.springframework.security.web.context.request.async.WebAsyncManagerIntegrationFilter@520b547c, org.springframework.security.web.context.SecurityContextHolderFilter@5967492a, org.springframework.security.web.header.HeaderWriterFilter@412b90cc, org.springframework.security.web.authentication.logout.LogoutFilter@56c95789, com.amazonclone.Amazon_Backend.config.JWTFilter@4addfb95, org.springframework.security.web.savedrequest.RequestCacheAwareFilter@635f4be1, org.springframework.security.web.servletapi.SecurityContextHolderAwareRequestFilter@456d3914, org.springframework.security.web.authentication.AnonymousAuthenticationFilter@79c4c973, org.springframework.security.web.session.SessionManagementFilter@3f7d20c5, org.springframework.security.web.access.ExceptionTranslationFilter@3c22a99a, org.springframework.security.web.access.intercept.AuthorizationFilter@12de62aa]
2023-09-14T16:22:21.121+05:30  INFO 14428 --- [           main] c.a.A.AmazonBackendApplicationTests      : Started AmazonBackendApplicationTests in 26.306 seconds (process running for 27.517)
]]></system-out>
  </testcase>
</testsuite>